<?xml version="1.0" encoding="UTF-8"?>
<!-- Generated by org.testng.reporters.JUnitXMLReporter -->
<testsuite ignored="8" hostname="EPUAODEW00BA" failures="4" tests="66" name="Basic Math Operations" time="0.034" errors="0" timestamp="2022-09-26T12:36:28 EEST">
  <testcase classname="com.epam.calculator.tests.DivWithLongTest" name="divWithLongTest" time="0.001"/>
  <testcase classname="com.epam.calculator.tests.DivWithDoubleTest" name="divWithDoubleTest" time="0.001"/>
  <testcase classname="com.epam.calculator.tests.DivWithLongTest" name="divWithLongTest" time="0.001"/>
  <testcase classname="com.epam.calculator.tests.DivWithDoubleTest" name="divWithDoubleTest" time="0.001"/>
  <testcase classname="com.epam.calculator.tests.DivWithLongTest" name="divWithLongTest" time="0.0"/>
  <testcase classname="com.epam.calculator.tests.DivWithDoubleTest" name="divWithDoubleTest" time="0.0"/>
  <testcase classname="com.epam.calculator.tests.DivWithLongTest" name="divWithLongTest" time="0.001"/>
  <testcase classname="com.epam.calculator.tests.DivWithDoubleTest" name="divWithDoubleTest" time="0.001"/>
  <testcase classname="com.epam.calculator.tests.DivWithLongTest" name="divWithLongTest" time="0.0"/>
  <testcase classname="com.epam.calculator.tests.DivWithDoubleTest" name="divWithDoubleTest" time="0.001"/>
  <testcase classname="com.epam.calculator.tests.DivWithLongTest" name="divWithLongTest" time="0.0"/>
  <testcase classname="com.epam.calculator.tests.DivWithDoubleTest" name="divWithDoubleTest" time="0.0"/>
  <testcase classname="com.epam.calculator.tests.DivWithLongTest" name="divWithLongTest" time="0.0"/>
  <testcase classname="com.epam.calculator.tests.DivWithDoubleTest" name="divWithDoubleTest" time="0.0"/>
  <testcase classname="com.epam.calculator.tests.DivWithDoubleTest" name="divWithDoubleTest" time="0.0"/>
  <testcase classname="com.epam.calculator.tests.MultWithDoubleTest" name="multWithDoubleTest" time="0.0"/>
  <testcase classname="com.epam.calculator.tests.DivWithDoubleTest" name="divWithDoubleTest" time="0.0"/>
  <testcase classname="com.epam.calculator.tests.MultWithDoubleTest" name="multWithDoubleTest" time="0.0"/>
  <testcase classname="com.epam.calculator.tests.MultWithDoubleTest" name="multWithDoubleTest" time="0.0"/>
  <testcase classname="com.epam.calculator.tests.MultWithLongTest" name="multWithLongTest" time="0.0"/>
  <testcase classname="com.epam.calculator.tests.MultWithDoubleTest" name="multWithDoubleTest" time="0.001"/>
  <testcase classname="com.epam.calculator.tests.MultWithLongTest" name="multWithLongTest" time="0.001"/>
  <testcase classname="com.epam.calculator.tests.MultWithDoubleTest" name="multWithDoubleTest" time="0.0">
    <failure type="java.lang.AssertionError" message="Multiplicand was 19234.7457, multiplier was 763.99; did not expect to find [1.4695153367343E7] but found [1.4695153E7]">
      <![CDATA[java.lang.AssertionError: Multiplicand was 19234.7457, multiplier was 763.99; did not expect to find [1.4695153367343E7] but found [1.4695153E7]
at com.epam.calculator.tests.MultWithDoubleTest.multWithDoubleTest(MultWithDoubleTest.java:11)
at java.base/java.util.concurrent.ThreadPoolExecutor.runWorker(ThreadPoolExecutor.java:1136)
at java.base/java.util.concurrent.ThreadPoolExecutor$Worker.run(ThreadPoolExecutor.java:635)
at java.base/java.lang.Thread.run(Thread.java:833)
... Removed 15 stack frames]]>
    </failure>
  </testcase> <!-- multWithDoubleTest -->
  <testcase classname="com.epam.calculator.tests.MultWithLongTest" name="multWithLongTest" time="0.001"/>
  <testcase classname="com.epam.calculator.tests.MultWithLongTest" name="multWithLongTest" time="0.0"/>
  <testcase classname="com.epam.calculator.tests.MultWithDoubleTest" name="multWithDoubleTest" time="0.0">
    <failure type="java.lang.AssertionError" message="Multiplicand was -77823.33, multiplier was -5657.44; did not expect to find [4.4028082007519996E8] but found [4.4028082E8]">
      <![CDATA[java.lang.AssertionError: Multiplicand was -77823.33, multiplier was -5657.44; did not expect to find [4.4028082007519996E8] but found [4.4028082E8]
at com.epam.calculator.tests.MultWithDoubleTest.multWithDoubleTest(MultWithDoubleTest.java:11)
at java.base/java.util.concurrent.ThreadPoolExecutor.runWorker(ThreadPoolExecutor.java:1136)
at java.base/java.util.concurrent.ThreadPoolExecutor$Worker.run(ThreadPoolExecutor.java:635)
at java.base/java.lang.Thread.run(Thread.java:833)
... Removed 15 stack frames]]>
    </failure>
  </testcase> <!-- multWithDoubleTest -->
  <testcase classname="com.epam.calculator.tests.MultWithLongTest" name="multWithLongTest" time="0.0"/>
  <testcase classname="com.epam.calculator.tests.MultWithDoubleTest" name="multWithDoubleTest" time="0.001">
    <failure type="java.lang.AssertionError" message="Multiplicand was 19234.7457, multiplier was -763.99; did not expect to find [-1.4695153367343E7] but found [-1.4695154E7]">
      <![CDATA[java.lang.AssertionError: Multiplicand was 19234.7457, multiplier was -763.99; did not expect to find [-1.4695153367343E7] but found [-1.4695154E7]
at com.epam.calculator.tests.MultWithDoubleTest.multWithDoubleTest(MultWithDoubleTest.java:11)
at java.base/java.util.concurrent.ThreadPoolExecutor.runWorker(ThreadPoolExecutor.java:1136)
at java.base/java.util.concurrent.ThreadPoolExecutor$Worker.run(ThreadPoolExecutor.java:635)
at java.base/java.lang.Thread.run(Thread.java:833)
... Removed 15 stack frames]]>
    </failure>
  </testcase> <!-- multWithDoubleTest -->
  <testcase classname="com.epam.calculator.tests.MultWithLongTest" name="multWithLongTest" time="0.0"/>
  <testcase classname="com.epam.calculator.tests.MultWithDoubleTest" name="multWithDoubleTest" time="0.0">
    <failure type="java.lang.AssertionError" message="Multiplicand was -77823.33, multiplier was 5657.44; did not expect to find [-4.4028082007519996E8] but found [-4.40280821E8]">
      <![CDATA[java.lang.AssertionError: Multiplicand was -77823.33, multiplier was 5657.44; did not expect to find [-4.4028082007519996E8] but found [-4.40280821E8]
at com.epam.calculator.tests.MultWithDoubleTest.multWithDoubleTest(MultWithDoubleTest.java:11)
at java.base/java.util.concurrent.ThreadPoolExecutor.runWorker(ThreadPoolExecutor.java:1136)
at java.base/java.util.concurrent.ThreadPoolExecutor$Worker.run(ThreadPoolExecutor.java:635)
at java.base/java.lang.Thread.run(Thread.java:833)
... Removed 15 stack frames]]>
    </failure>
  </testcase> <!-- multWithDoubleTest -->
  <testcase classname="com.epam.calculator.tests.MultWithLongTest" name="multWithLongTest" time="0.0"/>
  <testcase classname="com.epam.calculator.tests.SubWithDoubleTest" name="subWithDoubleTest" time="0.0"/>
  <testcase classname="com.epam.calculator.tests.MultWithLongTest" name="multWithLongTest" time="0.0"/>
  <testcase classname="com.epam.calculator.tests.SubWithDoubleTest" name="subWithDoubleTest" time="0.0"/>
  <testcase classname="com.epam.calculator.tests.SubWithLongTest" name="subWithDoubleTest" time="0.001"/>
  <testcase classname="com.epam.calculator.tests.SubWithDoubleTest" name="subWithDoubleTest" time="0.001"/>
  <testcase classname="com.epam.calculator.tests.SubWithLongTest" name="subWithDoubleTest" time="0.0"/>
  <testcase classname="com.epam.calculator.tests.SubWithDoubleTest" name="subWithDoubleTest" time="0.0"/>
  <testcase classname="com.epam.calculator.tests.SubWithLongTest" name="subWithDoubleTest" time="0.001"/>
  <testcase classname="com.epam.calculator.tests.SubWithDoubleTest" name="subWithDoubleTest" time="0.0"/>
  <testcase classname="com.epam.calculator.tests.SubWithLongTest" name="subWithDoubleTest" time="0.0"/>
  <testcase classname="com.epam.calculator.tests.SubWithDoubleTest" name="subWithDoubleTest" time="0.0"/>
  <testcase classname="com.epam.calculator.tests.SubWithLongTest" name="subWithDoubleTest" time="0.0"/>
  <testcase classname="com.epam.calculator.tests.SubWithDoubleTest" name="subWithDoubleTest" time="0.0"/>
  <testcase classname="com.epam.calculator.tests.SubWithLongTest" name="subWithDoubleTest" time="0.0"/>
  <testcase classname="com.epam.calculator.tests.SubWithDoubleTest" name="subWithDoubleTest" time="0.0"/>
  <testcase classname="com.epam.calculator.tests.SubWithLongTest" name="subWithDoubleTest" time="0.001"/>
  <testcase classname="com.epam.calculator.tests.SubWithDoubleTest" name="subWithDoubleTest" time="0.002"/>
  <testcase classname="com.epam.calculator.tests.SubWithLongTest" name="subWithDoubleTest" time="0.0"/>
  <testcase classname="com.epam.calculator.tests.SumWithDoubleTest" name="sumWithDoubleTest" time="0.0"/>
  <testcase classname="com.epam.calculator.tests.SubWithLongTest" name="subWithDoubleTest" time="0.0"/>
  <testcase classname="com.epam.calculator.tests.SumWithDoubleTest" name="sumWithDoubleTest" time="0.001"/>
  <testcase classname="com.epam.calculator.tests.SumWithLongTest" name="sumWithDoubleTest" time="0.0"/>
  <testcase classname="com.epam.calculator.tests.SumWithDoubleTest" name="sumWithDoubleTest" time="0.0"/>
  <testcase classname="com.epam.calculator.tests.SumWithLongTest" name="sumWithDoubleTest" time="0.0"/>
  <testcase classname="com.epam.calculator.tests.SumWithDoubleTest" name="sumWithDoubleTest" time="0.0"/>
  <testcase classname="com.epam.calculator.tests.SumWithLongTest" name="sumWithDoubleTest" time="0.0"/>
  <testcase classname="com.epam.calculator.tests.SumWithDoubleTest" name="sumWithDoubleTest" time="0.0"/>
  <testcase classname="com.epam.calculator.tests.SumWithLongTest" name="sumWithDoubleTest" time="0.0"/>
  <testcase classname="com.epam.calculator.tests.SumWithDoubleTest" name="sumWithDoubleTest" time="0.0"/>
  <testcase classname="com.epam.calculator.tests.SumWithLongTest" name="sumWithDoubleTest" time="0.0"/>
  <testcase classname="com.epam.calculator.tests.SumWithDoubleTest" name="sumWithDoubleTest" time="0.0"/>
  <testcase classname="com.epam.calculator.tests.SumWithLongTest" name="sumWithDoubleTest" time="0.0"/>
  <testcase classname="com.epam.calculator.tests.SumWithDoubleTest" name="sumWithDoubleTest" time="0.001"/>
  <testcase classname="com.epam.calculator.tests.SumWithLongTest" name="sumWithDoubleTest" time="0.0"/>
  <testcase classname="com.epam.calculator.tests.SumWithLongTest" name="sumWithDoubleTest" time="0.0"/>
  <testcase classname="com.epam.calculator.tests.CosTest" name="cosinusTest" time="0.0">
    <ignored/>
  </testcase> <!-- cosinusTest -->
  <testcase classname="com.epam.calculator.tests.PowTest" name="powerTest" time="0.0">
    <ignored/>
  </testcase> <!-- powerTest -->
  <testcase classname="com.epam.calculator.tests.TgTest" name="tangentTest" time="0.0">
    <ignored/>
  </testcase> <!-- tangentTest -->
  <testcase classname="com.epam.calculator.tests.IsNegativeTest" name="isNegativeTest" time="0.0">
    <ignored/>
  </testcase> <!-- isNegativeTest -->
  <testcase classname="com.epam.calculator.tests.IsPositiveTest" name="isPositiveTest" time="0.0">
    <ignored/>
  </testcase> <!-- isPositiveTest -->
  <testcase classname="com.epam.calculator.tests.CtgTest" name="cotangentTest" time="0.0">
    <ignored/>
  </testcase> <!-- cotangentTest -->
  <testcase classname="com.epam.calculator.tests.SinTest" name="cosinusTest" time="0.0">
    <ignored/>
  </testcase> <!-- cosinusTest -->
  <testcase classname="com.epam.calculator.tests.SqrtTest" name="squareRootTest" time="0.0">
    <ignored/>
  </testcase> <!-- squareRootTest -->
</testsuite> <!-- Basic Math Operations -->
